Log file open, 08/19/17 15:23:12
LogWindows: LoadLibraryWithSearchPaths failed for file aqProf.dll. GetLastError=0
LogWindows: LoadLibraryWithSearchPaths failed for file VtuneApi.dll. GetLastError=0
LogWindows: LoadLibraryWithSearchPaths failed for file VtuneApi32e.dll. GetLastError=0
LogInit: Display: Running engine for game: Section01
LogPlatformFile: Not using cached read wrapper
LogInit: Display: RandInit(-1132877971) SRandInit(-1132877971).
LogTaskGraph: Started task graph with 5 named threads and 14 total threads with 3 sets of task threads.
LogStats: Stats thread started at 0.160095
LogD3D11RHI: Aftermath initialized
LogPluginManager: Mounting plugin Paper2D
LogPluginManager: Mounting plugin LightPropagationVolume
LogPluginManager: Mounting plugin CodeLiteSourceCodeAccess
LogPluginManager: Mounting plugin GitSourceControl
LogPluginManager: Mounting plugin KDevelopSourceCodeAccess
LogPluginManager: Mounting plugin NullSourceCodeAccess
LogPluginManager: Mounting plugin PerforceSourceControl
LogPluginManager: Mounting plugin SubversionSourceControl
LogPluginManager: Mounting plugin UObjectPlugin
LogPluginManager: Mounting plugin VisualStudioSourceCodeAccess
LogPluginManager: Mounting plugin XCodeSourceCodeAccess
LogPluginManager: Mounting plugin AssetManagerEditor
LogPluginManager: Mounting plugin AudioCapture
LogPluginManager: Mounting plugin FacialAnimation
LogPluginManager: Mounting plugin GameplayTagsEditor
LogPluginManager: Mounting plugin MobileLauncherProfileWizard
LogPluginManager: Mounting plugin PluginBrowser
LogPluginManager: Mounting plugin SpeedTreeImporter
LogPluginManager: Mounting plugin AlembicImporter
LogPluginManager: Mounting plugin CharacterAI
LogPluginManager: Mounting plugin HTML5Networking
LogPluginManager: Mounting plugin AndroidMedia
LogPluginManager: Mounting plugin AvfMedia
LogPluginManager: Mounting plugin MediaPlayerEditor
LogPluginManager: Mounting plugin WmfMedia
LogPluginManager: Mounting plugin TcpMessaging
LogPluginManager: Mounting plugin UdpMessaging
LogPluginManager: Mounting plugin LevelSequenceEditor
LogPluginManager: Mounting plugin MatineeToLevelSequence
LogPluginManager: Mounting plugin OnlineSubsystemGooglePlay
LogPluginManager: Mounting plugin OnlineSubsystemIOS
LogPluginManager: Mounting plugin OnlineSubsystem
LogPluginManager: Mounting plugin OnlineSubsystemNull
LogPluginManager: Mounting plugin OnlineSubsystemUtils
LogPluginManager: Mounting plugin AndroidDeviceProfileSelector
LogPluginManager: Mounting plugin AndroidMoviePlayer
LogPluginManager: Mounting plugin AndroidPermission
LogPluginManager: Mounting plugin AppleMoviePlayer
LogPluginManager: Mounting plugin ArchVisCharacter
LogPluginManager: Mounting plugin CableComponent
LogPluginManager: Mounting plugin CustomMeshComponent
LogPluginManager: Mounting plugin ExampleDeviceProfileSelector
LogPluginManager: Mounting plugin GoogleCloudMessaging
LogPluginManager: Mounting plugin ImmediatePhysics
LogPluginManager: Mounting plugin IOSDeviceProfileSelector
LogPluginManager: Mounting plugin LinuxDeviceProfileSelector
LogPluginManager: Mounting plugin LocationServicesBPLibrary
LogPluginManager: Mounting plugin MobilePatchingUtils
LogPluginManager: Mounting plugin OculusVR
LogPluginManager: Mounting plugin PhysXVehicles
LogPluginManager: Mounting plugin ProceduralMeshComponent
LogPluginManager: Mounting plugin RuntimePhysXCooking
LogPluginManager: Mounting plugin SteamVR
LogPluginManager: Mounting plugin WindowsMoviePlayer
LogInit: Using libcurl 7.47.1
LogInit:  - built for x86_64-pc-win32
LogInit:  - supports SSL with OpenSSL/1.0.2g
LogInit:  - supports HTTP deflate (compression) using libz 1.2.8
LogInit:  - other features:
LogInit:      CURL_VERSION_SSL
LogInit:      CURL_VERSION_LIBZ
LogInit:      CURL_VERSION_IPV6
LogInit:      CURL_VERSION_ASYNCHDNS
LogInit:      CURL_VERSION_LARGEFILE
LogInit:      CURL_VERSION_IDN
LogInit:  CurlRequestOptions (configurable via config and command line):
LogInit:  - bVerifyPeer = false  - Libcurl will NOT verify peer certificate
LogInit:  - bUseHttpProxy = false  - Libcurl will NOT use HTTP proxy
LogInit:  - bDontReuseConnections = false  - Libcurl will reuse connections
LogInit:  - CertBundlePath = nullptr  - Libcurl will use whatever was configured at build time.
LogInit: Build: ++UE4+Release-4.17-CL-3586342
LogInit: Engine Version: 4.17.1-3586342+++UE4+Release-4.17
LogInit: Compatible Engine Version: 4.17.0-3573198+++UE4+Release-4.17
LogInit: Net CL: 3573198
LogDevObjectVersion: Number of dev versions registered: 16
LogDevObjectVersion:   Dev-Blueprints (B0D832E4-1F89-4F0D-ACCF-7EB736FD4AA2): 10
LogDevObjectVersion:   Dev-Build (E1C64328-A22C-4D53-A36C-8E866417BD8C): 0
LogDevObjectVersion:   Dev-Core (375EC13C-06E4-48FB-B500-84F0262A717E): 2
LogDevObjectVersion:   Dev-Editor (E4B068ED-F494-42E9-A231-DA0B2E46BB41): 20
LogDevObjectVersion:   Dev-Framework (CFFC743F-43B0-4480-9391-14DF171D2073): 28
LogDevObjectVersion:   Dev-Mobile (B02B49B5-BB20-44E9-A304-32B752E40360): 0
LogDevObjectVersion:   Dev-Networking (A4E4105C-59A1-49B5-A7C5-40C4547EDFEE): 0
LogDevObjectVersion:   Dev-Online (39C831C9-5AE6-47DC-9A44-9C173E1C8E7C): 0
LogDevObjectVersion:   Dev-Physics (78F01B33-EBEA-4F98-B9B4-84EACCB95AA2): 0
LogDevObjectVersion:   Dev-Platform (6631380F-2D4D-43E0-8009-CF276956A95A): 0
LogDevObjectVersion:   Dev-Rendering (12F88B9F-8875-4AFC-A67C-D90C383ABD29): 19
LogDevObjectVersion:   Dev-Sequencer (7B5AE74C-D270-4C10-A958-57980B212A5A): 4
LogDevObjectVersion:   Dev-VR (D7296918-1DD6-4BDD-9DE2-64A83CC13884): 0
LogDevObjectVersion:   Dev-LoadTimes (C2A15278-BFE7-4AFE-6C17-90FF531DF755): 1
LogDevObjectVersion:   Private-Geometry (6EACA3D4-40EC-4CC1-B786-8BED09428FC5): 1
LogDevObjectVersion:   Dev-AnimPhys (29E575DD-E0A3-4627-9D10-D276232CDCEA): 7
LogInit: Compiled (64-bit): Aug 15 2017 02:05:26
LogInit: Compiled with Visual C++: 19.00.24215.01
LogInit: Build Configuration: Development
LogInit: Branch Name: ++UE4+Release-4.17
LogInit: Command line:  
LogInit: Base directory: C:/Unreal/UE_4.17/Engine/Binaries/Win64/
LogInit: Installed Engine Build: 1
LogInit: Presizing for max 8388607 objects, including 0 objects not considered by GC, pre-allocating 0 bytes for permanent pool.
LogInit: Object subsystem initialized
[2017.08.19-22.23.13:320][  0]LogInit: Selected Device Profile: [Windows]
[2017.08.19-22.23.13:320][  0]LogInit: Applying CVar settings loaded from the selected device profile: [Windows]
[2017.08.19-22.23.13:346][  0]LogInit: Computer: SONYA
[2017.08.19-22.23.13:346][  0]LogInit: User: Dirk
[2017.08.19-22.23.13:346][  0]LogInit: CPU Page size=4096, Cores=4
[2017.08.19-22.23.13:346][  0]LogInit: High frequency timer resolution =3.906249 MHz
[2017.08.19-22.23.13:346][  0]LogMemory: Memory total: Physical=16.0GB (16GB approx)
[2017.08.19-22.23.13:346][  0]LogMemory: Platform Memory Stats for Windows
[2017.08.19-22.23.13:346][  0]LogMemory: Process Physical Memory: 279.16 MB used, 279.16 MB peak
[2017.08.19-22.23.13:346][  0]LogMemory: Process Virtual Memory: 282.30 MB used, 282.30 MB peak
[2017.08.19-22.23.13:346][  0]LogMemory: Physical Memory: 11700.45 MB used,  4635.18 MB free, 16335.64 MB total
[2017.08.19-22.23.13:346][  0]LogMemory: Virtual Memory: 677.07 MB used,  4635.18 MB free, 134217728.00 MB total
[2017.08.19-22.23.13:487][  0]LogInit: Using OS detected language (en-US).
[2017.08.19-22.23.13:487][  0]LogInit: Using OS detected locale (en-US).
[2017.08.19-22.23.13:533][  0]LogTextLocalizationManager: No specific localization for 'en-US' exists, so the 'en' localization will be used.
[2017.08.19-22.23.15:708][  0]LogD3D11RHI: D3D11 adapters:
[2017.08.19-22.23.15:760][  0]LogD3D11RHI:    0. 'NVIDIA GeForce GTX 970' (Feature Level 11_0)
[2017.08.19-22.23.15:760][  0]LogD3D11RHI:       4059/0/8167 MB DedicatedVideo/DedicatedSystem/SharedSystem, Outputs:1, VendorId:0x10de
[2017.08.19-22.23.15:761][  0]LogD3D11RHI:    1. 'Microsoft Basic Render Driver' (Feature Level 11_0)
[2017.08.19-22.23.15:761][  0]LogD3D11RHI:       0/0/8167 MB DedicatedVideo/DedicatedSystem/SharedSystem, Outputs:0, VendorId:0x1414
[2017.08.19-22.23.15:761][  0]LogD3D11RHI: Chosen D3D11 Adapter: 0
[2017.08.19-22.23.15:767][  0]LogD3D11RHI: Creating new Direct3DDevice
[2017.08.19-22.23.15:767][  0]LogD3D11RHI:     GPU DeviceId: 0x13c2 (for the marketing name, search the web for "GPU Device Id")
[2017.08.19-22.23.15:767][  0]LogWindows: EnumDisplayDevices:
[2017.08.19-22.23.15:767][  0]LogWindows:    0. 'NVIDIA GeForce GTX 970' (P:1 D:1)
[2017.08.19-22.23.15:767][  0]LogWindows:    1. 'NVIDIA GeForce GTX 970' (P:0 D:0)
[2017.08.19-22.23.15:768][  0]LogWindows:    2. 'NVIDIA GeForce GTX 970' (P:0 D:0)
[2017.08.19-22.23.15:768][  0]LogWindows:    3. 'NVIDIA GeForce GTX 970' (P:0 D:0)
[2017.08.19-22.23.15:768][  0]LogWindows: DebugString: FoundDriverCount:4 
[2017.08.19-22.23.15:768][  0]LogD3D11RHI:     Adapter Name: NVIDIA GeForce GTX 970
[2017.08.19-22.23.15:768][  0]LogD3D11RHI:   Driver Version: 382.05 (internal:22.21.13.8205, unified:382.05)
[2017.08.19-22.23.15:768][  0]LogD3D11RHI:      Driver Date: 5-1-2017
[2017.08.19-22.23.15:768][  0]LogRHI: Texture pool is 1361 MB (70% of 1945 MB)
[2017.08.19-22.23.15:793][  0]LogD3D11RHI: Async texture creation enabled
[2017.08.19-22.23.15:802][  0]LogD3D11RHI: GPU Timing Frequency: 1000.000000 (Debug: 2 1)
[2017.08.19-22.23.15:845][  0]LogShaderCompilers: Guid format shader working directory is -34 characters bigger than the processId version (../../../../../Users/Dirk/Documents/Unreal Projects/UnrealLaboratory/Section01/Intermediate/Shaders/WorkingDirectory/14992/).
[2017.08.19-22.23.15:845][  0]LogShaderCompilers: Cleaned the shader compiler working directory 'C:/Users/Dirk/AppData/Local/Temp/UnrealShaderWorkingDir/5763EEE849619A0232FEDC8B594D440C/'.
[2017.08.19-22.23.15:845][  0]LogShaderCompilers: Display: Using Local Shader Compiler.
[2017.08.19-22.23.17:429][  0]LogTemp: Display: Loaded TP AllDesktopTargetPlatform
[2017.08.19-22.23.17:469][  0]LogTemp: Display: Loaded TP MacClientTargetPlatform
[2017.08.19-22.23.17:508][  0]LogTemp: Display: Loaded TP MacNoEditorTargetPlatform
[2017.08.19-22.23.17:549][  0]LogTemp: Display: Loaded TP MacServerTargetPlatform
[2017.08.19-22.23.17:591][  0]LogTemp: Display: Loaded TP MacTargetPlatform
[2017.08.19-22.23.17:633][  0]LogTemp: Display: Loaded TP WindowsClientTargetPlatform
[2017.08.19-22.23.17:673][  0]LogTemp: Display: Loaded TP WindowsNoEditorTargetPlatform
[2017.08.19-22.23.17:713][  0]LogTemp: Display: Loaded TP WindowsServerTargetPlatform
[2017.08.19-22.23.17:748][  0]LogTemp: Display: Loaded TP WindowsTargetPlatform
[2017.08.19-22.23.17:789][  0]LogTemp: Display: Loaded TP AndroidTargetPlatform
[2017.08.19-22.23.17:827][  0]LogTemp: Display: Loaded TP Android_ASTCTargetPlatform
[2017.08.19-22.23.17:866][  0]LogTemp: Display: Loaded TP Android_ATCTargetPlatform
[2017.08.19-22.23.17:905][  0]LogTemp: Display: Loaded TP Android_DXTTargetPlatform
[2017.08.19-22.23.17:944][  0]LogTemp: Display: Loaded TP Android_ETC1TargetPlatform
[2017.08.19-22.23.17:982][  0]LogTemp: Display: Loaded TP Android_ETC2TargetPlatform
[2017.08.19-22.23.18:060][  0]LogTemp: Display: Loaded TP Android_MultiTargetPlatform
[2017.08.19-22.23.18:060][  0]LogTemp: Display: Loaded TP Android_PVRTCTargetPlatform
[2017.08.19-22.23.18:090][  0]LogTemp: Display: Loaded TP HTML5TargetPlatform
[2017.08.19-22.23.18:171][  0]LogTemp: Display: Loaded TP IOSTargetPlatform
[2017.08.19-22.23.18:197][  0]LogTemp: Display: Loaded TP TVOSTargetPlatform
[2017.08.19-22.23.18:241][  0]LogTemp: Display: Loaded TP LinuxClientTargetPlatform
[2017.08.19-22.23.18:282][  0]LogTemp: Display: Loaded TP LinuxNoEditorTargetPlatform
[2017.08.19-22.23.18:320][  0]LogTemp: Display: Loaded TP LinuxServerTargetPlatform
[2017.08.19-22.23.18:361][  0]LogTemp: Display: Loaded TP LinuxTargetPlatform
[2017.08.19-22.23.18:361][  0]LogTargetPlatformManager: Display: Building Assets For Windows
[2017.08.19-22.23.18:750][  0]LogDerivedDataCache: Display: Max Cache Size: 512 MB
[2017.08.19-22.23.19:080][  0]LogDerivedDataCache: Loaded boot cache 0.33s 93MB C:/Users/Dirk/AppData/Local/UnrealEngine/4.17/DerivedDataCache/Boot.ddc.
[2017.08.19-22.23.19:080][  0]LogDerivedDataCache: Display: Loaded Boot cache: C:/Users/Dirk/AppData/Local/UnrealEngine/4.17/DerivedDataCache/Boot.ddc
[2017.08.19-22.23.19:080][  0]LogDerivedDataCache: FDerivedDataBackendGraph:  Pak pak cache file ../../../../../Users/Dirk/Documents/Unreal Projects/UnrealLaboratory/Section01/DerivedDataCache/DDC.ddp not found, will not use a pak cache.
[2017.08.19-22.23.19:080][  0]LogDerivedDataCache: Unable to find inner node Pak for hierarchical cache Hierarchy.
[2017.08.19-22.23.19:080][  0]LogDerivedDataCache: FDerivedDataBackendGraph:  CompressedPak pak cache file ../../../../../Users/Dirk/Documents/Unreal Projects/UnrealLaboratory/Section01/DerivedDataCache/Compressed.ddp not found, will not use a pak cache.
[2017.08.19-22.23.19:080][  0]LogDerivedDataCache: Unable to find inner node CompressedPak for hierarchical cache Hierarchy.
[2017.08.19-22.23.19:094][  0]LogDerivedDataCache: Display: Pak cache opened for reading ../../../Engine/DerivedDataCache/Compressed.ddp.
[2017.08.19-22.23.19:106][  0]LogDerivedDataCache: Using Local data cache path C:/Users/Dirk/AppData/Local/UnrealEngine/Common/DerivedDataCache: Writable
[2017.08.19-22.23.19:115][  0]LogMaterial: Verifying Global Shaders for PCD3D_SM5
[2017.08.19-22.23.19:115][  0]LogSlate: Using Freetype 2.6.0
[2017.08.19-22.23.19:132][  0]LogSlate: SlateFontCache - WITH_FREETYPE: 1, WITH_HARFBUZZ: 1
[2017.08.19-22.23.19:132][  0]LogSlate: SlateFontCache - WITH_FREETYPE: 1, WITH_HARFBUZZ: 1
[2017.08.19-22.23.19:692][  0]LogAssetRegistry: FAssetRegistry took 0.0249 seconds to start up
[2017.08.19-22.23.19:788][  0]LogInit: Selected Device Profile: [Windows]
[2017.08.19-22.23.20:098][  0]LogContentStreaming: Texture pool size is 0.00 MB
[2017.08.19-22.23.20:345][  0]LogSimplygon: Simplygon DLL not present - disabling.
[2017.08.19-22.23.20:378][  0]LogMeshReduction: Using SimplygonSwarm for distributed automatic mesh merging
[2017.08.19-22.23.20:378][  0]LogMeshReduction: Using QuadricMeshReduction for automatic static mesh reduction
[2017.08.19-22.23.20:378][  0]LogMeshReduction: No automatic skeletal mesh reduction module available
[2017.08.19-22.23.20:378][  0]LogMeshReduction: No automatic mesh merging module available
[2017.08.19-22.23.20:378][  0]LogMeshMerging: No automatic mesh merging module available
[2017.08.19-22.23.20:945][  0]LogNetVersion: Section01 , NetCL: 3573198, EngineNetVer: 2, GameNetVer: 0 (Checksum: 2989136088)
[2017.08.19-22.23.21:316][  0]LogPackageLocalizationCache: Processed 5 localized package path(s) for 2 prioritized culture(s) in 0.049780 seconds
[2017.08.19-22.23.21:322][  0]LogUObjectArray: 35825 objects as part of root set at end of initial load.
[2017.08.19-22.23.21:322][  0]LogUObjectAllocator: 7529104 out of 0 bytes used by permanent object pool.
[2017.08.19-22.23.21:322][  0]LogUObjectArray: CloseDisregardForGC: 0/0 objects in disregard for GC pool
[2017.08.19-22.23.21:369][  0]LogInit: WinSock: version 1.1 (2.2), MaxSocks=32767, MaxUdp=65467
[2017.08.19-22.23.25:881][  0]LogTcpMessaging: Initializing TcpMessaging bridge
[2017.08.19-22.23.25:914][  0]LogUdpMessaging: Initializing bridge on interface 0.0.0.0:0 to multicast group 230.0.0.1:6666.
[2017.08.19-22.23.26:544][  0]LogMaterial: Uniform references updated for custom material expression Custom.
[2017.08.19-22.23.26:936][  0]SourceControl: Source control is disabled
[2017.08.19-22.23.26:936][  0]SourceControl: Source control is disabled
[2017.08.19-22.23.26:973][  0]SourceControl: Source control is disabled
[2017.08.19-22.23.27:008][  0]SourceControl: Source control is disabled
[2017.08.19-22.23.27:485][  0]LogAndroidPermission: UAndroidPermissionCallbackProxy::GetInstance
[2017.08.19-22.23.27:670][  0]LogOcInput: OculusInput pre-init called
[2017.08.19-22.23.27:893][  0]LogEngine: Initializing Engine...
[2017.08.19-22.23.27:894][  0]LogHMD: Failed to initialize OpenVR with code 110
[2017.08.19-22.23.28:218][  0]LogStats: UGameplayTagsManager::ConstructGameplayTagTree: Construct from data asset -  0.000 s
[2017.08.19-22.23.28:218][  0]LogStats: UGameplayTagsManager::ConstructGameplayTagTree: GameplayTagTreeChangedEvent.Broadcast -  0.000 s
[2017.08.19-22.23.28:312][  0]LogAIModule: Creating AISystem for world Untitled
[2017.08.19-22.23.28:326][  0]LogInit: XAudio2 using 'Speakers (Realtek High Definition Audio)' : 2 channels at 48 kHz using 32 bits per sample (channel mask 0x3)
[2017.08.19-22.23.28:340][  0]LogInit: FAudioDevice initialized.
[2017.08.19-22.23.28:418][  0]LogDerivedDataCache: Saved boot cache 0.08s 93MB C:/Users/Dirk/AppData/Local/UnrealEngine/4.17/DerivedDataCache/Boot.ddc.
[2017.08.19-22.23.28:426][  0]LogInit: Texture streaming: Enabled
[2017.08.19-22.23.28:516][  0]LogEngineSessionManager: EngineSessionManager initialized
[2017.08.19-22.23.28:699][  0]LogInit: Transaction tracking system initialized
[2017.08.19-22.23.28:949][  0]BlueprintLog: New page: Editor Load
[2017.08.19-22.23.29:649][  0]LocalizationService: Localization service is disabled
[2017.08.19-22.23.30:205][  0]LogConsoleResponse: Display: 
[2017.08.19-22.23.30:533][  0]LogCook: Display: Max memory allowance for cook 16384mb min free memory 0mb
[2017.08.19-22.23.30:533][  0]LogCook: Display: Mobile HDR setting 1
[2017.08.19-22.23.30:533][  0]LogGameplayTags: Display: UGameplayTagsManager::DoneAddingNativeTags. DelegateIsBound: 0
[2017.08.19-22.23.30:858][  0]LogFileCache: Scanning file cache for directory 'C:/Users/Dirk/Documents/Unreal Projects/UnrealLaboratory/Section01/Content/' took 0.01s
[2017.08.19-22.23.31:399][  0]SourceControl: Source control is disabled
[2017.08.19-22.23.31:399][  0]Cmd: MAP LOAD FILE="../../../../../Users/Dirk/Documents/Unreal Projects/UnrealLaboratory/Section01/Content/Level01.umap" TEMPLATE=0 SHOWPROGRESS=1 FEATURELEVEL=3
[2017.08.19-22.23.31:399][  0]LightingResults: New page: Lighting Build
[2017.08.19-22.23.31:430][  0]MapCheck: New page: Map Check
[2017.08.19-22.23.31:430][  0]LightingResults: New page: Lighting Build
[2017.08.19-22.23.31:646][  0]LogAIModule: Creating AISystem for world Level01
[2017.08.19-22.23.31:654][  0]LogEditorServer: Finished looking for orphan Actors (0.000 secs)
[2017.08.19-22.23.31:665][  0]Cmd: MAP CHECKDEP NOCLEARLOG
[2017.08.19-22.23.31:702][  0]MapCheck: Map check complete: 0 Error(s), 0 Warning(s), took 37.172ms to complete.
[2017.08.19-22.23.31:702][  0]LogFileHelpers: Loading map 'Level01' took 0.304
[2017.08.19-22.23.31:853][  0]LogCollectionManager: Loaded 0 collections in 0.001290 seconds
[2017.08.19-22.23.31:921][  0]LogFileCache: Scanning file cache for directory 'C:/Users/Dirk/Documents/Unreal Projects/UnrealLaboratory/Section01/Saved/Collections/' took 0.01s
[2017.08.19-22.23.31:921][  0]LogFileCache: Scanning file cache for directory 'C:/Users/Dirk/Documents/Unreal Projects/UnrealLaboratory/Section01/Content/Developers/Dirk/Collections/' took 0.01s
[2017.08.19-22.23.31:921][  0]LogFileCache: Scanning file cache for directory 'C:/Users/Dirk/Documents/Unreal Projects/UnrealLaboratory/Section01/Content/Collections/' took 0.01s
[2017.08.19-22.23.31:921][  0]LogCollectionManager: Rebuilt the GUID cache for 0 collections in 0.000000 seconds
[2017.08.19-22.23.31:929][  0]LogContentBrowser: Native class hierarchy populated in 0.0082 seconds. Added 2387 classes and 502 folders.
[2017.08.19-22.23.31:981][  0]LogContentBrowser: Native class hierarchy updated for 'WidgetCarousel' in 0.0011 seconds. Added 0 classes and 0 folders.
[2017.08.19-22.23.32:290][  0]LogContentBrowser: Native class hierarchy updated for 'AddContentDialog' in 0.0011 seconds. Added 0 classes and 0 folders.
[2017.08.19-22.23.32:324][  0]LogContentBrowser: Native class hierarchy updated for 'SceneOutliner' in 0.0012 seconds. Added 1 classes and 2 folders.
[2017.08.19-22.23.32:349][  0]LogSlate: Took 0.006229 seconds to synchronously load lazily loaded font '../../../Engine/Content/Slate/Fonts/Roboto-Regular.ttf' (155K)
[2017.08.19-22.23.32:355][  0]LogSlate: Took 0.004742 seconds to synchronously load lazily loaded font '../../../Engine/Content/Slate/Fonts/Roboto-Bold.ttf' (160K)
[2017.08.19-22.23.32:363][  0]LogSlate: Took 0.004071 seconds to synchronously load lazily loaded font '../../../Engine/Content/Editor/Slate/Fonts/FontAwesome.ttf' (139K)
[2017.08.19-22.23.32:511][  0]LogRenderer: Reallocating scene render targets to support 1616x576 Format 10 NumSamples 1 (Frame:1).
[2017.08.19-22.23.32:566][  0]LogSlate: Took 0.005525 seconds to synchronously load lazily loaded font '../../../Engine/Content/Slate/Fonts/Roboto-Light.ttf' (159K)
[2017.08.19-22.23.32:664][  0]LogContentBrowser: Native class hierarchy updated for 'HierarchicalLODOutliner' in 0.0014 seconds. Added 1 classes and 2 folders.
[2017.08.19-22.23.32:665][  0]LogLoad: (Engine Initialization) Total time: 21.45 seconds
[2017.08.19-22.23.32:665][  0]LogLoad: (Engine Initialization) Total Blueprint compile time: 0.00 seconds
[2017.08.19-22.23.32:665][  0]LogExternalProfiler: Found external profiler: VSPerf
[2017.08.19-22.23.32:665][  0]LogExternalProfiler: Using external profiler: VSPerf
[2017.08.19-22.23.32:688][  0]LogAssetRegistry: Asset discovery search completed in 13.0181 seconds
[2017.08.19-22.23.32:689][  0]LogCollectionManager: Rebuilt the object cache for 0 collections in 0.000001 seconds (found 0 objects)
[2017.08.19-22.23.32:689][  0]LogCollectionManager: Fixed up redirectors for 0 collections in 0.000028 seconds (updated 0 objects)
[2017.08.19-22.23.32:692][  0]LogContentStreaming: Texture pool size now 1000 MB
[2017.08.19-22.23.37:894][608]LogRenderer: Reallocating scene render targets to support 1616x588 Format 10 NumSamples 1 (Frame:604).
[2017.08.19-22.23.37:935][609]LogRenderer: Reallocating scene render targets to support 1616x604 Format 10 NumSamples 1 (Frame:606).
[2017.08.19-22.23.37:978][610]LogRenderer: Reallocating scene render targets to support 1616x616 Format 10 NumSamples 1 (Frame:608).
[2017.08.19-22.23.38:021][611]LogRenderer: Reallocating scene render targets to support 1616x624 Format 10 NumSamples 1 (Frame:610).
[2017.08.19-22.23.38:126][613]LogRenderer: Reallocating scene render targets to support 1616x628 Format 10 NumSamples 1 (Frame:614).
[2017.08.19-22.23.38:227][615]LogRenderer: Reallocating scene render targets to support 1616x640 Format 10 NumSamples 1 (Frame:618).
[2017.08.19-22.23.38:298][616]LogRenderer: Reallocating scene render targets to support 1616x644 Format 10 NumSamples 1 (Frame:620).
[2017.08.19-22.23.38:348][617]LogRenderer: Reallocating scene render targets to support 1616x656 Format 10 NumSamples 1 (Frame:622).
[2017.08.19-22.23.38:404][618]LogRenderer: Reallocating scene render targets to support 1616x660 Format 10 NumSamples 1 (Frame:624).
[2017.08.19-22.23.38:501][620]LogRenderer: Reallocating scene render targets to support 1616x672 Format 10 NumSamples 1 (Frame:628).
[2017.08.19-22.23.38:575][621]LogRenderer: Reallocating scene render targets to support 1616x676 Format 10 NumSamples 1 (Frame:630).
[2017.08.19-22.23.38:636][622]LogRenderer: Reallocating scene render targets to support 1616x684 Format 10 NumSamples 1 (Frame:632).
[2017.08.19-22.23.38:737][624]LogRenderer: Reallocating scene render targets to support 1616x688 Format 10 NumSamples 1 (Frame:636).
